2022-12-02 13:46:08.6245 TRACE Button1 clicked  [Button.RaisePostBackEvent => Button.OnClick => Index.Button1_Click] 
2022-12-02 13:46:08.7276 DEBUG Button1 clicked to do a debug log entry  [Button.RaisePostBackEvent => Button.OnClick => Index.Button1_Click] 
2022-12-02 13:46:08.8016 FATAL Exception of type 'System.Web.HttpUnhandledException' was thrown. System.Web.HttpUnhandledException (0x80004005): Exception of type 'System.Web.HttpUnhandledException' was thrown. ---> System.DivideByZeroException: Attempted to divide by zero.
   at System.Decimal.FCallDivide(Decimal& d1, Decimal& d2)
   at System.Decimal.op_Division(Decimal d1, Decimal d2)
   at Index.Button1_Click(Object sender, EventArgs e) in C:\Users\roger\Documents\Programming\AVR\nlog-web-example\nlog-web-example\Index.aspx.vr:line 34
   at System.Web.UI.WebControls.Button.OnClick(EventArgs e)
   at System.Web.UI.WebControls.Button.RaisePostBackEvent(String eventArgument)
   at System.Web.UI.WebControls.Button.System.Web.UI.IPostBackEventHandler.RaisePostBackEvent(String eventArgument)
   at System.Web.UI.Page.RaisePostBackEvent(IPostBackEventHandler sourceControl, String eventArgument)
   at System.Web.UI.Page.RaisePostBackEvent(NameValueCollection postData)
   at System.Web.UI.Page.ProcessRequestMain(Boolean includeStagesBeforeAsyncPoint, Boolean includeStagesAfterAsyncPoint)
   at System.Web.UI.Page.HandleError(Exception e)
   at System.Web.UI.Page.ProcessRequestMain(Boolean includeStagesBeforeAsyncPoint, Boolean includeStagesAfterAsyncPoint)
   at System.Web.UI.Page.ProcessRequest(Boolean includeStagesBeforeAsyncPoint, Boolean includeStagesAfterAsyncPoint)
   at System.Web.UI.Page.ProcessRequest()
   at System.Web.UI.Page.ProcessRequestWithNoAssert(HttpContext context)
   at System.Web.UI.Page.ProcessRequest(HttpContext context)
   at ASP.index_aspx.ProcessRequest(HttpContext context) in C:\Users\roger\AppData\Local\Temp\Temporary ASP.NET Files\vs\a8d9a59a\9f22f2c7\App_Web_dgca5aas.0.vr:line 345
   at System.Web.HttpApplication.CallHandlerExecutionStep.System.Web.HttpApplication.IExecutionStep.Execute()
   at System.Web.HttpApplication.ExecuteStepImpl(IExecutionStep step)
   at System.Web.HttpApplication.ExecuteStep(IExecutionStep step, Boolean& completedSynchronously) [HttpApplication.RaiseOnError => EventHandler.Invoke => global_asax.Application_Error] 
EXCEPTION OCCURRED:
System.Web.HttpUnhandledException Exception of type 'System.Web.HttpUnhandledException' was thrown.    at System.Web.UI.Page.HandleError(Exception e)
   at System.Web.UI.Page.ProcessRequestMain(Boolean includeStagesBeforeAsyncPoint, Boolean includeStagesAfterAsyncPoint)
   at System.Web.UI.Page.ProcessRequest(Boolean includeStagesBeforeAsyncPoint, Boolean includeStagesAfterAsyncPoint)
   at System.Web.UI.Page.ProcessRequest()
   at System.Web.UI.Page.ProcessRequestWithNoAssert(HttpContext context)
   at System.Web.UI.Page.ProcessRequest(HttpContext context)
   at ASP.index_aspx.ProcessRequest(HttpContext context) in C:\Users\roger\AppData\Local\Temp\Temporary ASP.NET Files\vs\a8d9a59a\9f22f2c7\App_Web_dgca5aas.0.vr:line 345
   at System.Web.HttpApplication.CallHandlerExecutionStep.System.Web.HttpApplication.IExecutionStep.Execute()
   at System.Web.HttpApplication.ExecuteStepImpl(IExecutionStep step)
   at System.Web.HttpApplication.ExecuteStep(IExecutionStep step, Boolean& completedSynchronously) Boolean HandleError(System.Exception)
System.DivideByZeroException Attempted to divide by zero. Void FCallDivide(System.Decimal ByRef, System.Decimal ByRef)
